{
    "hosts": {
        "h1": {
            "ip": "10.0.1.1/24",
            "mac": "08:00:00:00:01:01"
        },
        "h2": {
            "ip": "10.0.1.2/24",
            "mac": "08:00:00:00:01:02"
        },
        "h3": {
            "ip": "10.0.1.3/24",
            "mac": "08:00:00:00:01:03"
        },
        "h4": {
            "ip": "10.0.1.4/24",
            "mac": "08:00:00:00:01:04"
        },
        "h5": {
            "ip": "10.0.1.5/24",
            "mac": "08:00:00:00:01:05"
        }
    },
    "switches": {
        "s1": {
            "runtime_json": "s1-runtime.json"
        }
    },
    "links": [
        {
            "node1": "h1",
            "node2": "s1-p1",
            "latency": "0ms",
            "bandwidth": 8
        },
        {
            "node1": "h2",
            "node2": "s1-p2",
            "latency": "0ms",
            "bandwidth": 8
        },
        {
            "node1": "h3",
            "node2": "s1-p3",
            "latency": "0ms",
            "bandwidth": 8
        },
        {
            "node1": "h4",
            "node2": "s1-p4",
            "latency": "0ms",
            "bandwidth": 8
        },
        {
            "node1": "h5",
            "node2": "s1-p5",
            "latency": "0ms",
            "bandwidth": 8
        }
    ]
}